2025-09-07 23:22:24 INFO  Version:21 - HV000001: Hibernate Validator 8.0.2.Final
2025-09-07 23:22:24 INFO  DevToolsPropertyDefaultsPostProcessor:252 - Devtools property defaults active! Set 'spring.devtools.add-properties' to 'false' to disable
2025-09-07 23:22:24 INFO  DevToolsPropertyDefaultsPostProcessor:252 - For additional web related logging consider setting the 'logging.level.web' property to 'DEBUG'
2025-09-07 23:22:24 INFO  RepositoryConfigurationDelegate:143 - Bootstrapping Spring Data JPA repositories in DEFAULT mode.
2025-09-07 23:22:24 INFO  RepositoryConfigurationDelegate:211 - Finished Spring Data repository scanning in 20 ms. Found 2 JPA repository interfaces.
2025-09-07 23:22:24 INFO  TomcatWebServer:111 - Tomcat initialized with port 8080 (http)
2025-09-07 23:22:24 INFO  Http11NioProtocol:168 - Initializing ProtocolHandler ["http-nio-8080"]
2025-09-07 23:22:25 INFO  StandardService:168 - Starting service [Tomcat]
2025-09-07 23:22:25 INFO  StandardEngine:168 - Starting Servlet engine: [Apache Tomcat/10.1.40]
2025-09-07 23:22:25 INFO  [/]:168 - Initializing Spring embedded WebApplicationContext
2025-09-07 23:22:25 INFO  ServletWebServerApplicationContext:301 - Root WebApplicationContext: initialization completed in 599 ms
2025-09-07 23:22:25 WARN  RemoteDevToolsAutoConfiguration:128 - Listening for remote restart updates on /.~~spring-boot!~/restart
2025-09-07 23:22:25 INFO  LogHelper:31 - HHH000204: Processing PersistenceUnitInfo [name: default]
2025-09-07 23:22:25 INFO  Version:44 - HHH000412: Hibernate ORM core version 6.6.13.Final
2025-09-07 23:22:25 INFO  RegionFactoryInitiator:50 - HHH000026: Second-level cache disabled
2025-09-07 23:22:25 INFO  SpringPersistenceUnitInfo:87 - No LoadTimeWeaver setup: ignoring JPA class transformer
2025-09-07 23:22:25 INFO  HikariDataSource:109 - HikariPool-1 - Starting...
2025-09-07 23:22:25 INFO  HikariPool:554 - HikariPool-1 - Added connection org.postgresql.jdbc.PgConnection@6dca7654
2025-09-07 23:22:25 INFO  HikariDataSource:122 - HikariPool-1 - Start completed.
2025-09-07 23:22:25 INFO  pooling:157 - HHH10001005: Database info:
	Database JDBC URL [Connecting through datasource 'HikariDataSource (HikariPool-1)']
	Database driver: undefined/unknown
	Database version: 15.14
	Autocommit mode: undefined/unknown
	Isolation level: undefined/unknown
	Minimum pool size: undefined/unknown
	Maximum pool size: undefined/unknown
2025-09-07 23:22:25 INFO  JtaPlatformInitiator:59 - HHH000489: No JTA platform available (set 'hibernate.transaction.jta.platform' to enable JTA platform integration)
2025-09-07 23:22:25 INFO  LocalContainerEntityManagerFactoryBean:447 - Initialized JPA EntityManagerFactory for persistence unit 'default'
2025-09-07 23:22:25 INFO  QueryEnhancerFactory:49 - Hibernate is in classpath; If applicable, HQL parser will be used.
2025-09-07 23:22:25 WARN  JpaBaseConfiguration$JpaWebConfiguration:258 - spring.jpa.open-in-view is enabled by default. Therefore, database queries may be performed during view rendering. Explicitly configure spring.jpa.open-in-view to disable this warning
2025-09-07 23:22:26 INFO  OptionalLiveReloadServer:59 - LiveReload server is running on port 35729
2025-09-07 23:22:26 INFO  Http11NioProtocol:168 - Starting ProtocolHandler ["http-nio-8080"]
2025-09-07 23:22:26 INFO  TomcatWebServer:243 - Tomcat started on port 8080 (http) with context path '/'
2025-09-07 23:23:52 INFO  GracefulShutdown:54 - Commencing graceful shutdown. Waiting for active requests to complete
2025-09-07 23:23:52 INFO  GracefulShutdown:76 - Graceful shutdown complete
2025-09-07 23:23:52 INFO  LocalContainerEntityManagerFactoryBean:660 - Closing JPA EntityManagerFactory for persistence unit 'default'
2025-09-07 23:23:52 INFO  HikariDataSource:349 - HikariPool-1 - Shutdown initiated...
2025-09-07 23:23:52 INFO  HikariDataSource:351 - HikariPool-1 - Shutdown completed.
07-09-2025 23:24:11 INFO  Version:21 - HV000001: Hibernate Validator 8.0.2.Final
07-09-2025 23:24:11 INFO  App:53 - Starting App using Java 24.0.2 with PID 11958 (/Users/davidalmeida/Documents/repositories/auconchegante-api/java-services/auth/target/classes started by davidalmeida in /Users/davidalmeida/Documents/repositories/auconchegante-api/java-services/auth)
07-09-2025 23:24:11 INFO  App:652 - No active profile set, falling back to 1 default profile: "default"
07-09-2025 23:24:11 INFO  DevToolsPropertyDefaultsPostProcessor:252 - Devtools property defaults active! Set 'spring.devtools.add-properties' to 'false' to disable
07-09-2025 23:24:11 INFO  DevToolsPropertyDefaultsPostProcessor:252 - For additional web related logging consider setting the 'logging.level.web' property to 'DEBUG'
07-09-2025 23:24:11 INFO  RepositoryConfigurationDelegate:143 - Bootstrapping Spring Data JPA repositories in DEFAULT mode.
07-09-2025 23:24:11 INFO  RepositoryConfigurationDelegate:211 - Finished Spring Data repository scanning in 19 ms. Found 2 JPA repository interfaces.
07-09-2025 23:24:11 INFO  TomcatWebServer:111 - Tomcat initialized with port 8080 (http)
07-09-2025 23:24:11 INFO  Http11NioProtocol:168 - Initializing ProtocolHandler ["http-nio-8080"]
07-09-2025 23:24:11 INFO  StandardService:168 - Starting service [Tomcat]
07-09-2025 23:24:11 INFO  StandardEngine:168 - Starting Servlet engine: [Apache Tomcat/10.1.40]
07-09-2025 23:24:11 INFO  [/]:168 - Initializing Spring embedded WebApplicationContext
07-09-2025 23:24:11 INFO  ServletWebServerApplicationContext:301 - Root WebApplicationContext: initialization completed in 540 ms
07-09-2025 23:24:11 WARN  RemoteDevToolsAutoConfiguration:128 - Listening for remote restart updates on /.~~spring-boot!~/restart
07-09-2025 23:24:11 INFO  LogHelper:31 - HHH000204: Processing PersistenceUnitInfo [name: default]
07-09-2025 23:24:11 INFO  Version:44 - HHH000412: Hibernate ORM core version 6.6.13.Final
07-09-2025 23:24:11 INFO  RegionFactoryInitiator:50 - HHH000026: Second-level cache disabled
07-09-2025 23:24:12 INFO  SpringPersistenceUnitInfo:87 - No LoadTimeWeaver setup: ignoring JPA class transformer
07-09-2025 23:24:12 INFO  HikariDataSource:109 - HikariPool-1 - Starting...
07-09-2025 23:24:12 INFO  HikariPool:554 - HikariPool-1 - Added connection org.postgresql.jdbc.PgConnection@580d24af
07-09-2025 23:24:12 INFO  HikariDataSource:122 - HikariPool-1 - Start completed.
07-09-2025 23:24:12 INFO  pooling:157 - HHH10001005: Database info:
	Database JDBC URL [Connecting through datasource 'HikariDataSource (HikariPool-1)']
	Database driver: undefined/unknown
	Database version: 15.14
	Autocommit mode: undefined/unknown
	Isolation level: undefined/unknown
	Minimum pool size: undefined/unknown
	Maximum pool size: undefined/unknown
07-09-2025 23:24:12 INFO  JtaPlatformInitiator:59 - HHH000489: No JTA platform available (set 'hibernate.transaction.jta.platform' to enable JTA platform integration)
07-09-2025 23:24:12 INFO  LocalContainerEntityManagerFactoryBean:447 - Initialized JPA EntityManagerFactory for persistence unit 'default'
07-09-2025 23:24:12 INFO  QueryEnhancerFactory:49 - Hibernate is in classpath; If applicable, HQL parser will be used.
07-09-2025 23:24:12 WARN  JpaBaseConfiguration$JpaWebConfiguration:258 - spring.jpa.open-in-view is enabled by default. Therefore, database queries may be performed during view rendering. Explicitly configure spring.jpa.open-in-view to disable this warning
07-09-2025 23:24:12 INFO  OptionalLiveReloadServer:59 - LiveReload server is running on port 35729
07-09-2025 23:24:12 INFO  Http11NioProtocol:168 - Starting ProtocolHandler ["http-nio-8080"]
07-09-2025 23:24:12 INFO  TomcatWebServer:243 - Tomcat started on port 8080 (http) with context path '/'
07-09-2025 23:24:12 INFO  App:59 - Started App in 1.705 seconds (process running for 2.121)
07-09-2025 23:25:09 INFO  GracefulShutdown:54 - Commencing graceful shutdown. Waiting for active requests to complete
07-09-2025 23:25:09 INFO  GracefulShutdown:76 - Graceful shutdown complete
07-09-2025 23:25:09 INFO  LocalContainerEntityManagerFactoryBean:660 - Closing JPA EntityManagerFactory for persistence unit 'default'
07-09-2025 23:25:09 INFO  HikariDataSource:349 - HikariPool-1 - Shutdown initiated...
07-09-2025 23:25:09 INFO  HikariDataSource:351 - HikariPool-1 - Shutdown completed.
07-09-2025 23:25:11 INFO  Version:21 - HV000001: Hibernate Validator 8.0.2.Final
07-09-2025 23:25:11 INFO  App:53 - Starting App using Java 24.0.2 with PID 12018 (/Users/davidalmeida/Documents/repositories/auconchegante-api/java-services/auth/target/classes started by davidalmeida in /Users/davidalmeida/Documents/repositories/auconchegante-api/java-services/auth)
07-09-2025 23:25:11 INFO  App:652 - No active profile set, falling back to 1 default profile: "default"
07-09-2025 23:25:11 INFO  DevToolsPropertyDefaultsPostProcessor:252 - Devtools property defaults active! Set 'spring.devtools.add-properties' to 'false' to disable
07-09-2025 23:25:11 INFO  DevToolsPropertyDefaultsPostProcessor:252 - For additional web related logging consider setting the 'logging.level.web' property to 'DEBUG'
07-09-2025 23:25:11 INFO  RepositoryConfigurationDelegate:143 - Bootstrapping Spring Data JPA repositories in DEFAULT mode.
07-09-2025 23:25:11 INFO  RepositoryConfigurationDelegate:211 - Finished Spring Data repository scanning in 24 ms. Found 2 JPA repository interfaces.
07-09-2025 23:25:11 INFO  TomcatWebServer:111 - Tomcat initialized with port 8080 (http)
07-09-2025 23:25:11 INFO  Http11NioProtocol:168 - Initializing ProtocolHandler ["http-nio-8080"]
07-09-2025 23:25:11 INFO  StandardService:168 - Starting service [Tomcat]
07-09-2025 23:25:11 INFO  StandardEngine:168 - Starting Servlet engine: [Apache Tomcat/10.1.40]
07-09-2025 23:25:11 INFO  [/]:168 - Initializing Spring embedded WebApplicationContext
07-09-2025 23:25:11 INFO  ServletWebServerApplicationContext:301 - Root WebApplicationContext: initialization completed in 614 ms
07-09-2025 23:25:11 WARN  RemoteDevToolsAutoConfiguration:128 - Listening for remote restart updates on /.~~spring-boot!~/restart
07-09-2025 23:25:11 INFO  LogHelper:31 - HHH000204: Processing PersistenceUnitInfo [name: default]
07-09-2025 23:25:11 INFO  Version:44 - HHH000412: Hibernate ORM core version 6.6.13.Final
07-09-2025 23:25:11 INFO  RegionFactoryInitiator:50 - HHH000026: Second-level cache disabled
07-09-2025 23:25:11 INFO  SpringPersistenceUnitInfo:87 - No LoadTimeWeaver setup: ignoring JPA class transformer
07-09-2025 23:25:11 INFO  HikariDataSource:109 - HikariPool-1 - Starting...
07-09-2025 23:25:11 INFO  HikariPool:554 - HikariPool-1 - Added connection org.postgresql.jdbc.PgConnection@270a385f
07-09-2025 23:25:11 INFO  HikariDataSource:122 - HikariPool-1 - Start completed.
07-09-2025 23:25:11 INFO  pooling:157 - HHH10001005: Database info:
	Database JDBC URL [Connecting through datasource 'HikariDataSource (HikariPool-1)']
	Database driver: undefined/unknown
	Database version: 15.14
	Autocommit mode: undefined/unknown
	Isolation level: undefined/unknown
	Minimum pool size: undefined/unknown
	Maximum pool size: undefined/unknown
07-09-2025 23:25:12 INFO  JtaPlatformInitiator:59 - HHH000489: No JTA platform available (set 'hibernate.transaction.jta.platform' to enable JTA platform integration)
07-09-2025 23:25:12 INFO  LocalContainerEntityManagerFactoryBean:447 - Initialized JPA EntityManagerFactory for persistence unit 'default'
07-09-2025 23:25:12 INFO  QueryEnhancerFactory:49 - Hibernate is in classpath; If applicable, HQL parser will be used.
07-09-2025 23:25:12 WARN  JpaBaseConfiguration$JpaWebConfiguration:258 - spring.jpa.open-in-view is enabled by default. Therefore, database queries may be performed during view rendering. Explicitly configure spring.jpa.open-in-view to disable this warning
07-09-2025 23:25:12 INFO  OptionalLiveReloadServer:59 - LiveReload server is running on port 35729
07-09-2025 23:25:12 INFO  Http11NioProtocol:168 - Starting ProtocolHandler ["http-nio-8080"]
07-09-2025 23:25:12 INFO  TomcatWebServer:243 - Tomcat started on port 8080 (http) with context path '/'
07-09-2025 23:25:12 INFO  App:59 - Started App in 1.749 seconds (process running for 2.128)
07-09-2025 23:25:34 INFO  GracefulShutdown:54 - Commencing graceful shutdown. Waiting for active requests to complete
07-09-2025 23:25:34 INFO  GracefulShutdown:76 - Graceful shutdown complete
07-09-2025 23:25:34 INFO  LocalContainerEntityManagerFactoryBean:660 - Closing JPA EntityManagerFactory for persistence unit 'default'
07-09-2025 23:25:34 INFO  HikariDataSource:349 - HikariPool-1 - Shutdown initiated...
07-09-2025 23:25:34 INFO  HikariDataSource:351 - HikariPool-1 - Shutdown completed.
07-09-2025 23:27:27 INFO  Version:21 - HV000001: Hibernate Validator 8.0.2.Final
07-09-2025 23:27:27 INFO  App:53 - Starting App using Java 24.0.2 with PID 12210 (/Users/davidalmeida/Documents/repositories/auconchegante-api/java-services/auth/target/classes started by davidalmeida in /Users/davidalmeida/Documents/repositories/auconchegante-api/java-services/auth)
07-09-2025 23:27:27 INFO  App:652 - No active profile set, falling back to 1 default profile: "default"
07-09-2025 23:27:27 INFO  DevToolsPropertyDefaultsPostProcessor:252 - Devtools property defaults active! Set 'spring.devtools.add-properties' to 'false' to disable
07-09-2025 23:27:27 INFO  DevToolsPropertyDefaultsPostProcessor:252 - For additional web related logging consider setting the 'logging.level.web' property to 'DEBUG'
07-09-2025 23:27:27 INFO  RepositoryConfigurationDelegate:143 - Bootstrapping Spring Data JPA repositories in DEFAULT mode.
07-09-2025 23:27:28 INFO  RepositoryConfigurationDelegate:211 - Finished Spring Data repository scanning in 17 ms. Found 2 JPA repository interfaces.
07-09-2025 23:27:28 INFO  TomcatWebServer:111 - Tomcat initialized with port 8080 (http)
07-09-2025 23:27:28 INFO  Http11NioProtocol:168 - Initializing ProtocolHandler ["http-nio-8080"]
07-09-2025 23:27:28 INFO  StandardService:168 - Starting service [Tomcat]
07-09-2025 23:27:28 INFO  StandardEngine:168 - Starting Servlet engine: [Apache Tomcat/10.1.40]
07-09-2025 23:27:28 INFO  [/]:168 - Initializing Spring embedded WebApplicationContext
07-09-2025 23:27:28 INFO  ServletWebServerApplicationContext:301 - Root WebApplicationContext: initialization completed in 513 ms
07-09-2025 23:27:28 WARN  RemoteDevToolsAutoConfiguration:128 - Listening for remote restart updates on /.~~spring-boot!~/restart
07-09-2025 23:27:28 INFO  LogHelper:31 - HHH000204: Processing PersistenceUnitInfo [name: default]
07-09-2025 23:27:28 INFO  Version:44 - HHH000412: Hibernate ORM core version 6.6.13.Final
07-09-2025 23:27:28 INFO  RegionFactoryInitiator:50 - HHH000026: Second-level cache disabled
07-09-2025 23:27:28 INFO  SpringPersistenceUnitInfo:87 - No LoadTimeWeaver setup: ignoring JPA class transformer
07-09-2025 23:27:28 INFO  HikariDataSource:109 - HikariPool-1 - Starting...
07-09-2025 23:27:28 INFO  HikariPool:554 - HikariPool-1 - Added connection org.postgresql.jdbc.PgConnection@20714ba3
07-09-2025 23:27:28 INFO  HikariDataSource:122 - HikariPool-1 - Start completed.
07-09-2025 23:27:28 INFO  pooling:157 - HHH10001005: Database info:
	Database JDBC URL [Connecting through datasource 'HikariDataSource (HikariPool-1)']
	Database driver: undefined/unknown
	Database version: 15.14
	Autocommit mode: undefined/unknown
	Isolation level: undefined/unknown
	Minimum pool size: undefined/unknown
	Maximum pool size: undefined/unknown
07-09-2025 23:27:28 INFO  JtaPlatformInitiator:59 - HHH000489: No JTA platform available (set 'hibernate.transaction.jta.platform' to enable JTA platform integration)
07-09-2025 23:27:28 INFO  LocalContainerEntityManagerFactoryBean:447 - Initialized JPA EntityManagerFactory for persistence unit 'default'
07-09-2025 23:27:29 INFO  QueryEnhancerFactory:49 - Hibernate is in classpath; If applicable, HQL parser will be used.
07-09-2025 23:27:29 WARN  JpaBaseConfiguration$JpaWebConfiguration:258 - spring.jpa.open-in-view is enabled by default. Therefore, database queries may be performed during view rendering. Explicitly configure spring.jpa.open-in-view to disable this warning
07-09-2025 23:27:29 INFO  OptionalLiveReloadServer:59 - LiveReload server is running on port 35729
07-09-2025 23:27:29 INFO  Http11NioProtocol:168 - Starting ProtocolHandler ["http-nio-8080"]
07-09-2025 23:27:29 INFO  TomcatWebServer:243 - Tomcat started on port 8080 (http) with context path '/'
07-09-2025 23:27:29 INFO  App:59 - Started App in 1.671 seconds (process running for 2.069)
07-09-2025 23:28:09 INFO  [/]:168 - Initializing Spring DispatcherServlet 'dispatcherServlet'
07-09-2025 23:28:09 INFO  DispatcherServlet:532 - Initializing Servlet 'dispatcherServlet'
07-09-2025 23:28:09 INFO  DispatcherServlet:554 - Completed initialization in 0 ms
07-09-2025 23:28:09 INFO  AuthController:38 - Called sign-in endpoint
07-09-2025 23:28:12 INFO  AuthController:38 - Called sign-in endpoint
07-09-2025 23:28:28 INFO  AuthController:38 - Called sign-in endpoint
07-09-2025 23:28:52 INFO  GracefulShutdown:54 - Commencing graceful shutdown. Waiting for active requests to complete
07-09-2025 23:28:52 INFO  GracefulShutdown:76 - Graceful shutdown complete
07-09-2025 23:28:52 INFO  LocalContainerEntityManagerFactoryBean:660 - Closing JPA EntityManagerFactory for persistence unit 'default'
07-09-2025 23:28:52 INFO  HikariDataSource:349 - HikariPool-1 - Shutdown initiated...
07-09-2025 23:28:52 INFO  HikariDataSource:351 - HikariPool-1 - Shutdown completed.
07-09-2025 23:28:53 INFO  Version:21 - HV000001: Hibernate Validator 8.0.2.Final
07-09-2025 23:28:53 INFO  App:53 - Starting App using Java 24.0.2 with PID 12292 (/Users/davidalmeida/Documents/repositories/auconchegante-api/java-services/auth/target/classes started by davidalmeida in /Users/davidalmeida/Documents/repositories/auconchegante-api/java-services/auth)
07-09-2025 23:28:53 INFO  App:652 - No active profile set, falling back to 1 default profile: "default"
07-09-2025 23:28:53 INFO  DevToolsPropertyDefaultsPostProcessor:252 - Devtools property defaults active! Set 'spring.devtools.add-properties' to 'false' to disable
07-09-2025 23:28:53 INFO  DevToolsPropertyDefaultsPostProcessor:252 - For additional web related logging consider setting the 'logging.level.web' property to 'DEBUG'
07-09-2025 23:28:54 INFO  RepositoryConfigurationDelegate:143 - Bootstrapping Spring Data JPA repositories in DEFAULT mode.
07-09-2025 23:28:54 INFO  RepositoryConfigurationDelegate:211 - Finished Spring Data repository scanning in 19 ms. Found 2 JPA repository interfaces.
07-09-2025 23:28:54 INFO  TomcatWebServer:111 - Tomcat initialized with port 8080 (http)
07-09-2025 23:28:54 INFO  Http11NioProtocol:168 - Initializing ProtocolHandler ["http-nio-8080"]
07-09-2025 23:28:54 INFO  StandardService:168 - Starting service [Tomcat]
07-09-2025 23:28:54 INFO  StandardEngine:168 - Starting Servlet engine: [Apache Tomcat/10.1.40]
07-09-2025 23:28:54 INFO  [/]:168 - Initializing Spring embedded WebApplicationContext
07-09-2025 23:28:54 INFO  ServletWebServerApplicationContext:301 - Root WebApplicationContext: initialization completed in 525 ms
07-09-2025 23:28:54 WARN  RemoteDevToolsAutoConfiguration:128 - Listening for remote restart updates on /.~~spring-boot!~/restart
07-09-2025 23:28:54 INFO  LogHelper:31 - HHH000204: Processing PersistenceUnitInfo [name: default]
07-09-2025 23:28:54 INFO  Version:44 - HHH000412: Hibernate ORM core version 6.6.13.Final
07-09-2025 23:28:54 INFO  RegionFactoryInitiator:50 - HHH000026: Second-level cache disabled
07-09-2025 23:28:54 INFO  SpringPersistenceUnitInfo:87 - No LoadTimeWeaver setup: ignoring JPA class transformer
07-09-2025 23:28:54 INFO  HikariDataSource:109 - HikariPool-1 - Starting...
07-09-2025 23:28:54 INFO  HikariPool:554 - HikariPool-1 - Added connection org.postgresql.jdbc.PgConnection@701d09d8
07-09-2025 23:28:54 INFO  HikariDataSource:122 - HikariPool-1 - Start completed.
07-09-2025 23:28:54 INFO  pooling:157 - HHH10001005: Database info:
	Database JDBC URL [Connecting through datasource 'HikariDataSource (HikariPool-1)']
	Database driver: undefined/unknown
	Database version: 15.14
	Autocommit mode: undefined/unknown
	Isolation level: undefined/unknown
	Minimum pool size: undefined/unknown
	Maximum pool size: undefined/unknown
07-09-2025 23:28:54 INFO  JtaPlatformInitiator:59 - HHH000489: No JTA platform available (set 'hibernate.transaction.jta.platform' to enable JTA platform integration)
07-09-2025 23:28:54 INFO  LocalContainerEntityManagerFactoryBean:447 - Initialized JPA EntityManagerFactory for persistence unit 'default'
07-09-2025 23:28:55 INFO  QueryEnhancerFactory:49 - Hibernate is in classpath; If applicable, HQL parser will be used.
07-09-2025 23:28:55 WARN  JpaBaseConfiguration$JpaWebConfiguration:258 - spring.jpa.open-in-view is enabled by default. Therefore, database queries may be performed during view rendering. Explicitly configure spring.jpa.open-in-view to disable this warning
07-09-2025 23:28:55 INFO  OptionalLiveReloadServer:59 - LiveReload server is running on port 35729
07-09-2025 23:28:55 INFO  Http11NioProtocol:168 - Starting ProtocolHandler ["http-nio-8080"]
07-09-2025 23:28:55 INFO  TomcatWebServer:243 - Tomcat started on port 8080 (http) with context path '/'
07-09-2025 23:28:55 INFO  App:59 - Started App in 1.703 seconds (process running for 2.047)
07-09-2025 23:28:59 INFO  [/]:168 - Initializing Spring DispatcherServlet 'dispatcherServlet'
07-09-2025 23:28:59 INFO  DispatcherServlet:532 - Initializing Servlet 'dispatcherServlet'
07-09-2025 23:28:59 INFO  DispatcherServlet:554 - Completed initialization in 1 ms
07-09-2025 23:28:59 INFO  AuthController:38 - Called sign-in endpoint with: SignInRequest(email=davidalmeida154of@gmail.com, password=Bgk35670@)
07-09-2025 23:38:47 INFO  LocalDevToolsAutoConfiguration$RestartingClassPathChangeChangedEventListener:211 - Restarting due to 2 class path changes (0 additions, 0 deletions, 2 modifications)
07-09-2025 23:38:47 INFO  GracefulShutdown:54 - Commencing graceful shutdown. Waiting for active requests to complete
07-09-2025 23:38:47 INFO  Http11NioProtocol:168 - Pausing ProtocolHandler ["http-nio-8080"]
07-09-2025 23:38:47 INFO  GracefulShutdown:76 - Graceful shutdown complete
07-09-2025 23:38:47 INFO  Http11NioProtocol:168 - Stopping ProtocolHandler ["http-nio-8080"]
07-09-2025 23:38:47 INFO  LocalContainerEntityManagerFactoryBean:660 - Closing JPA EntityManagerFactory for persistence unit 'default'
07-09-2025 23:38:47 INFO  HikariDataSource:349 - HikariPool-1 - Shutdown initiated...
07-09-2025 23:38:47 INFO  HikariDataSource:351 - HikariPool-1 - Shutdown completed.
07-09-2025 23:38:47 INFO  App:53 - Starting App using Java 24.0.2 with PID 12292 (/Users/davidalmeida/Documents/repositories/auconchegante-api/java-services/auth/target/classes started by davidalmeida in /Users/davidalmeida/Documents/repositories/auconchegante-api/java-services/auth)
07-09-2025 23:38:47 INFO  App:652 - No active profile set, falling back to 1 default profile: "default"
07-09-2025 23:38:47 INFO  RepositoryConfigurationDelegate:143 - Bootstrapping Spring Data JPA repositories in DEFAULT mode.
07-09-2025 23:38:48 INFO  RepositoryConfigurationDelegate:211 - Finished Spring Data repository scanning in 5 ms. Found 2 JPA repository interfaces.
07-09-2025 23:38:48 INFO  TomcatWebServer:111 - Tomcat initialized with port 8080 (http)
07-09-2025 23:38:48 INFO  Http11NioProtocol:168 - Initializing ProtocolHandler ["http-nio-8080"]
07-09-2025 23:38:48 INFO  StandardService:168 - Starting service [Tomcat]
07-09-2025 23:38:48 INFO  StandardEngine:168 - Starting Servlet engine: [Apache Tomcat/10.1.40]
07-09-2025 23:38:48 INFO  [/]:168 - Initializing Spring embedded WebApplicationContext
07-09-2025 23:38:48 INFO  ServletWebServerApplicationContext:301 - Root WebApplicationContext: initialization completed in 111 ms
07-09-2025 23:38:48 WARN  RemoteDevToolsAutoConfiguration:128 - Listening for remote restart updates on /.~~spring-boot!~/restart
07-09-2025 23:38:48 INFO  LogHelper:31 - HHH000204: Processing PersistenceUnitInfo [name: default]
07-09-2025 23:38:48 INFO  RegionFactoryInitiator:50 - HHH000026: Second-level cache disabled
07-09-2025 23:38:48 INFO  SpringPersistenceUnitInfo:87 - No LoadTimeWeaver setup: ignoring JPA class transformer
07-09-2025 23:38:48 INFO  HikariDataSource:109 - HikariPool-2 - Starting...
07-09-2025 23:38:48 INFO  HikariPool:554 - HikariPool-2 - Added connection org.postgresql.jdbc.PgConnection@3705ae58
07-09-2025 23:38:48 INFO  HikariDataSource:122 - HikariPool-2 - Start completed.
07-09-2025 23:38:48 INFO  pooling:157 - HHH10001005: Database info:
	Database JDBC URL [Connecting through datasource 'HikariDataSource (HikariPool-2)']
	Database driver: undefined/unknown
	Database version: 15.14
	Autocommit mode: undefined/unknown
	Isolation level: undefined/unknown
	Minimum pool size: undefined/unknown
	Maximum pool size: undefined/unknown
07-09-2025 23:38:48 INFO  JtaPlatformInitiator:59 - HHH000489: No JTA platform available (set 'hibernate.transaction.jta.platform' to enable JTA platform integration)
07-09-2025 23:38:48 INFO  LocalContainerEntityManagerFactoryBean:447 - Initialized JPA EntityManagerFactory for persistence unit 'default'
07-09-2025 23:38:48 WARN  JpaBaseConfiguration$JpaWebConfiguration:258 - spring.jpa.open-in-view is enabled by default. Therefore, database queries may be performed during view rendering. Explicitly configure spring.jpa.open-in-view to disable this warning
07-09-2025 23:38:48 INFO  OptionalLiveReloadServer:59 - LiveReload server is running on port 35729
07-09-2025 23:38:48 INFO  Http11NioProtocol:168 - Starting ProtocolHandler ["http-nio-8080"]
07-09-2025 23:38:48 INFO  TomcatWebServer:243 - Tomcat started on port 8080 (http) with context path '/'
07-09-2025 23:38:48 INFO  App:59 - Started App in 0.279 seconds (process running for 594.925)
07-09-2025 23:38:48 INFO  ConditionEvaluationDeltaLoggingListener:63 - Condition evaluation unchanged
07-09-2025 23:40:04 INFO  LocalDevToolsAutoConfiguration$RestartingClassPathChangeChangedEventListener:211 - Restarting due to 2 class path changes (0 additions, 0 deletions, 2 modifications)
07-09-2025 23:40:04 INFO  GracefulShutdown:54 - Commencing graceful shutdown. Waiting for active requests to complete
07-09-2025 23:40:04 INFO  Http11NioProtocol:168 - Pausing ProtocolHandler ["http-nio-8080"]
07-09-2025 23:40:04 INFO  GracefulShutdown:76 - Graceful shutdown complete
07-09-2025 23:40:04 INFO  Http11NioProtocol:168 - Stopping ProtocolHandler ["http-nio-8080"]
07-09-2025 23:40:04 INFO  LocalContainerEntityManagerFactoryBean:660 - Closing JPA EntityManagerFactory for persistence unit 'default'
07-09-2025 23:40:04 INFO  HikariDataSource:349 - HikariPool-2 - Shutdown initiated...
07-09-2025 23:40:04 INFO  HikariDataSource:351 - HikariPool-2 - Shutdown completed.
07-09-2025 23:40:04 INFO  App:53 - Starting App using Java 24.0.2 with PID 12292 (/Users/davidalmeida/Documents/repositories/auconchegante-api/java-services/auth/target/classes started by davidalmeida in /Users/davidalmeida/Documents/repositories/auconchegante-api/java-services/auth)
07-09-2025 23:40:04 INFO  App:652 - No active profile set, falling back to 1 default profile: "default"
07-09-2025 23:40:04 INFO  RepositoryConfigurationDelegate:143 - Bootstrapping Spring Data JPA repositories in DEFAULT mode.
07-09-2025 23:40:04 INFO  RepositoryConfigurationDelegate:211 - Finished Spring Data repository scanning in 4 ms. Found 2 JPA repository interfaces.
07-09-2025 23:40:04 INFO  TomcatWebServer:111 - Tomcat initialized with port 8080 (http)
07-09-2025 23:40:04 INFO  Http11NioProtocol:168 - Initializing ProtocolHandler ["http-nio-8080"]
07-09-2025 23:40:04 INFO  StandardService:168 - Starting service [Tomcat]
07-09-2025 23:40:04 INFO  StandardEngine:168 - Starting Servlet engine: [Apache Tomcat/10.1.40]
07-09-2025 23:40:04 INFO  [/]:168 - Initializing Spring embedded WebApplicationContext
07-09-2025 23:40:04 INFO  ServletWebServerApplicationContext:301 - Root WebApplicationContext: initialization completed in 100 ms
07-09-2025 23:40:04 WARN  RemoteDevToolsAutoConfiguration:128 - Listening for remote restart updates on /.~~spring-boot!~/restart
07-09-2025 23:40:04 INFO  LogHelper:31 - HHH000204: Processing PersistenceUnitInfo [name: default]
07-09-2025 23:40:04 INFO  RegionFactoryInitiator:50 - HHH000026: Second-level cache disabled
07-09-2025 23:40:04 INFO  SpringPersistenceUnitInfo:87 - No LoadTimeWeaver setup: ignoring JPA class transformer
07-09-2025 23:40:04 INFO  HikariDataSource:109 - HikariPool-3 - Starting...
07-09-2025 23:40:04 INFO  HikariPool:554 - HikariPool-3 - Added connection org.postgresql.jdbc.PgConnection@4acdd2c6
07-09-2025 23:40:04 INFO  HikariDataSource:122 - HikariPool-3 - Start completed.
07-09-2025 23:40:04 INFO  pooling:157 - HHH10001005: Database info:
	Database JDBC URL [Connecting through datasource 'HikariDataSource (HikariPool-3)']
	Database driver: undefined/unknown
	Database version: 15.14
	Autocommit mode: undefined/unknown
	Isolation level: undefined/unknown
	Minimum pool size: undefined/unknown
	Maximum pool size: undefined/unknown
07-09-2025 23:40:04 INFO  JtaPlatformInitiator:59 - HHH000489: No JTA platform available (set 'hibernate.transaction.jta.platform' to enable JTA platform integration)
07-09-2025 23:40:04 INFO  LocalContainerEntityManagerFactoryBean:447 - Initialized JPA EntityManagerFactory for persistence unit 'default'
07-09-2025 23:40:04 WARN  JpaBaseConfiguration$JpaWebConfiguration:258 - spring.jpa.open-in-view is enabled by default. Therefore, database queries may be performed during view rendering. Explicitly configure spring.jpa.open-in-view to disable this warning
07-09-2025 23:40:04 INFO  OptionalLiveReloadServer:59 - LiveReload server is running on port 35729
07-09-2025 23:40:04 INFO  Http11NioProtocol:168 - Starting ProtocolHandler ["http-nio-8080"]
07-09-2025 23:40:04 INFO  TomcatWebServer:243 - Tomcat started on port 8080 (http) with context path '/'
07-09-2025 23:40:04 INFO  App:59 - Started App in 0.263 seconds (process running for 671.524)
07-09-2025 23:40:04 INFO  ConditionEvaluationDeltaLoggingListener:63 - Condition evaluation unchanged
07-09-2025 23:41:44 INFO  LocalDevToolsAutoConfiguration$RestartingClassPathChangeChangedEventListener:211 - Restarting due to 1 class path change (0 additions, 0 deletions, 1 modification)
07-09-2025 23:41:44 INFO  GracefulShutdown:54 - Commencing graceful shutdown. Waiting for active requests to complete
07-09-2025 23:41:44 INFO  Http11NioProtocol:168 - Pausing ProtocolHandler ["http-nio-8080"]
07-09-2025 23:41:44 INFO  GracefulShutdown:76 - Graceful shutdown complete
07-09-2025 23:41:44 INFO  Http11NioProtocol:168 - Stopping ProtocolHandler ["http-nio-8080"]
07-09-2025 23:41:44 INFO  LocalContainerEntityManagerFactoryBean:660 - Closing JPA EntityManagerFactory for persistence unit 'default'
07-09-2025 23:41:44 INFO  HikariDataSource:349 - HikariPool-3 - Shutdown initiated...
07-09-2025 23:41:44 INFO  HikariDataSource:351 - HikariPool-3 - Shutdown completed.
07-09-2025 23:41:44 INFO  App:53 - Starting App using Java 24.0.2 with PID 12292 (/Users/davidalmeida/Documents/repositories/auconchegante-api/java-services/auth/target/classes started by davidalmeida in /Users/davidalmeida/Documents/repositories/auconchegante-api/java-services/auth)
07-09-2025 23:41:44 INFO  App:652 - No active profile set, falling back to 1 default profile: "default"
07-09-2025 23:41:44 INFO  RepositoryConfigurationDelegate:143 - Bootstrapping Spring Data JPA repositories in DEFAULT mode.
07-09-2025 23:41:44 INFO  RepositoryConfigurationDelegate:211 - Finished Spring Data repository scanning in 9 ms. Found 2 JPA repository interfaces.
07-09-2025 23:41:44 INFO  TomcatWebServer:111 - Tomcat initialized with port 8080 (http)
07-09-2025 23:41:44 INFO  Http11NioProtocol:168 - Initializing ProtocolHandler ["http-nio-8080"]
07-09-2025 23:41:44 INFO  StandardService:168 - Starting service [Tomcat]
07-09-2025 23:41:44 INFO  StandardEngine:168 - Starting Servlet engine: [Apache Tomcat/10.1.40]
07-09-2025 23:41:44 INFO  [/]:168 - Initializing Spring embedded WebApplicationContext
07-09-2025 23:41:44 INFO  ServletWebServerApplicationContext:301 - Root WebApplicationContext: initialization completed in 98 ms
07-09-2025 23:41:44 WARN  RemoteDevToolsAutoConfiguration:128 - Listening for remote restart updates on /.~~spring-boot!~/restart
07-09-2025 23:41:44 INFO  LogHelper:31 - HHH000204: Processing PersistenceUnitInfo [name: default]
07-09-2025 23:41:44 INFO  RegionFactoryInitiator:50 - HHH000026: Second-level cache disabled
07-09-2025 23:41:44 INFO  SpringPersistenceUnitInfo:87 - No LoadTimeWeaver setup: ignoring JPA class transformer
07-09-2025 23:41:44 INFO  HikariDataSource:109 - HikariPool-4 - Starting...
07-09-2025 23:41:44 INFO  HikariPool:554 - HikariPool-4 - Added connection org.postgresql.jdbc.PgConnection@59d359ef
07-09-2025 23:41:44 INFO  HikariDataSource:122 - HikariPool-4 - Start completed.
07-09-2025 23:41:44 INFO  pooling:157 - HHH10001005: Database info:
	Database JDBC URL [Connecting through datasource 'HikariDataSource (HikariPool-4)']
	Database driver: undefined/unknown
	Database version: 15.14
	Autocommit mode: undefined/unknown
	Isolation level: undefined/unknown
	Minimum pool size: undefined/unknown
	Maximum pool size: undefined/unknown
07-09-2025 23:41:44 INFO  JtaPlatformInitiator:59 - HHH000489: No JTA platform available (set 'hibernate.transaction.jta.platform' to enable JTA platform integration)
07-09-2025 23:41:44 INFO  LocalContainerEntityManagerFactoryBean:447 - Initialized JPA EntityManagerFactory for persistence unit 'default'
07-09-2025 23:41:44 WARN  JpaBaseConfiguration$JpaWebConfiguration:258 - spring.jpa.open-in-view is enabled by default. Therefore, database queries may be performed during view rendering. Explicitly configure spring.jpa.open-in-view to disable this warning
07-09-2025 23:41:44 INFO  OptionalLiveReloadServer:59 - LiveReload server is running on port 35729
07-09-2025 23:41:44 INFO  Http11NioProtocol:168 - Starting ProtocolHandler ["http-nio-8080"]
07-09-2025 23:41:44 INFO  TomcatWebServer:243 - Tomcat started on port 8080 (http) with context path '/'
07-09-2025 23:41:44 INFO  App:59 - Started App in 0.239 seconds (process running for 771.442)
07-09-2025 23:41:44 INFO  ConditionEvaluationDeltaLoggingListener:63 - Condition evaluation unchanged
07-09-2025 23:42:01 INFO  LocalDevToolsAutoConfiguration$RestartingClassPathChangeChangedEventListener:211 - Restarting due to 1 class path change (0 additions, 0 deletions, 1 modification)
07-09-2025 23:42:01 INFO  GracefulShutdown:54 - Commencing graceful shutdown. Waiting for active requests to complete
07-09-2025 23:42:01 INFO  Http11NioProtocol:168 - Pausing ProtocolHandler ["http-nio-8080"]
07-09-2025 23:42:01 INFO  GracefulShutdown:76 - Graceful shutdown complete
07-09-2025 23:42:01 INFO  Http11NioProtocol:168 - Stopping ProtocolHandler ["http-nio-8080"]
07-09-2025 23:42:01 INFO  LocalContainerEntityManagerFactoryBean:660 - Closing JPA EntityManagerFactory for persistence unit 'default'
07-09-2025 23:42:01 INFO  HikariDataSource:349 - HikariPool-4 - Shutdown initiated...
07-09-2025 23:42:01 INFO  HikariDataSource:351 - HikariPool-4 - Shutdown completed.
07-09-2025 23:42:01 INFO  App:53 - Starting App using Java 24.0.2 with PID 12292 (/Users/davidalmeida/Documents/repositories/auconchegante-api/java-services/auth/target/classes started by davidalmeida in /Users/davidalmeida/Documents/repositories/auconchegante-api/java-services/auth)
07-09-2025 23:42:01 INFO  App:652 - No active profile set, falling back to 1 default profile: "default"
07-09-2025 23:42:01 INFO  RepositoryConfigurationDelegate:143 - Bootstrapping Spring Data JPA repositories in DEFAULT mode.
07-09-2025 23:42:01 INFO  RepositoryConfigurationDelegate:211 - Finished Spring Data repository scanning in 3 ms. Found 2 JPA repository interfaces.
07-09-2025 23:42:01 INFO  TomcatWebServer:111 - Tomcat initialized with port 8080 (http)
07-09-2025 23:42:01 INFO  Http11NioProtocol:168 - Initializing ProtocolHandler ["http-nio-8080"]
07-09-2025 23:42:01 INFO  StandardService:168 - Starting service [Tomcat]
07-09-2025 23:42:01 INFO  StandardEngine:168 - Starting Servlet engine: [Apache Tomcat/10.1.40]
07-09-2025 23:42:01 INFO  [/]:168 - Initializing Spring embedded WebApplicationContext
07-09-2025 23:42:01 INFO  ServletWebServerApplicationContext:301 - Root WebApplicationContext: initialization completed in 74 ms
07-09-2025 23:42:01 WARN  RemoteDevToolsAutoConfiguration:128 - Listening for remote restart updates on /.~~spring-boot!~/restart
07-09-2025 23:42:01 INFO  LogHelper:31 - HHH000204: Processing PersistenceUnitInfo [name: default]
07-09-2025 23:42:01 INFO  RegionFactoryInitiator:50 - HHH000026: Second-level cache disabled
07-09-2025 23:42:01 INFO  SpringPersistenceUnitInfo:87 - No LoadTimeWeaver setup: ignoring JPA class transformer
07-09-2025 23:42:01 INFO  HikariDataSource:109 - HikariPool-5 - Starting...
07-09-2025 23:42:01 INFO  HikariPool:554 - HikariPool-5 - Added connection org.postgresql.jdbc.PgConnection@1e573759
07-09-2025 23:42:01 INFO  HikariDataSource:122 - HikariPool-5 - Start completed.
07-09-2025 23:42:01 INFO  pooling:157 - HHH10001005: Database info:
	Database JDBC URL [Connecting through datasource 'HikariDataSource (HikariPool-5)']
	Database driver: undefined/unknown
	Database version: 15.14
	Autocommit mode: undefined/unknown
	Isolation level: undefined/unknown
	Minimum pool size: undefined/unknown
	Maximum pool size: undefined/unknown
07-09-2025 23:42:01 INFO  JtaPlatformInitiator:59 - HHH000489: No JTA platform available (set 'hibernate.transaction.jta.platform' to enable JTA platform integration)
07-09-2025 23:42:01 INFO  LocalContainerEntityManagerFactoryBean:447 - Initialized JPA EntityManagerFactory for persistence unit 'default'
07-09-2025 23:42:01 WARN  JpaBaseConfiguration$JpaWebConfiguration:258 - spring.jpa.open-in-view is enabled by default. Therefore, database queries may be performed during view rendering. Explicitly configure spring.jpa.open-in-view to disable this warning
07-09-2025 23:42:01 INFO  OptionalLiveReloadServer:59 - LiveReload server is running on port 35729
07-09-2025 23:42:01 INFO  Http11NioProtocol:168 - Starting ProtocolHandler ["http-nio-8080"]
07-09-2025 23:42:01 INFO  TomcatWebServer:243 - Tomcat started on port 8080 (http) with context path '/'
07-09-2025 23:42:01 INFO  App:59 - Started App in 0.194 seconds (process running for 788.317)
07-09-2025 23:42:01 INFO  ConditionEvaluationDeltaLoggingListener:63 - Condition evaluation unchanged
07-09-2025 23:42:16 INFO  GracefulShutdown:54 - Commencing graceful shutdown. Waiting for active requests to complete
07-09-2025 23:42:16 INFO  GracefulShutdown:76 - Graceful shutdown complete
07-09-2025 23:42:16 INFO  LocalContainerEntityManagerFactoryBean:660 - Closing JPA EntityManagerFactory for persistence unit 'default'
07-09-2025 23:42:16 INFO  HikariDataSource:349 - HikariPool-5 - Shutdown initiated...
07-09-2025 23:42:16 INFO  HikariDataSource:351 - HikariPool-5 - Shutdown completed.
